0 info it worked if it ends with ok
1 verbose cli [ '/usr/local/bin/node',
1 verbose cli   '/usr/local/lib/node_modules/cnpm/node_modules/.bin/npm',
1 verbose cli   '--userconfig=/Users/fu/.cnpmrc',
1 verbose cli   '--disturl=https://npm.taobao.org/mirrors/node',
1 verbose cli   '--registry=https://registry.npm.taobao.org',
1 verbose cli   'update',
1 verbose cli   '-g' ]
2 info using npm@3.10.10
3 info using node@v8.0.0
4 silly mapToRegistry name egret
5 silly mapToRegistry using default registry
6 silly mapToRegistry registry https://registry.npm.taobao.org/
7 silly mapToRegistry data Result {
7 silly mapToRegistry   raw: 'egret',
7 silly mapToRegistry   scope: null,
7 silly mapToRegistry   escapedName: 'egret',
7 silly mapToRegistry   name: 'egret',
7 silly mapToRegistry   rawSpec: '',
7 silly mapToRegistry   spec: 'latest',
7 silly mapToRegistry   type: 'tag' }
8 silly mapToRegistry uri https://registry.npm.taobao.org/egret
9 silly mapToRegistry name cnpm
10 silly mapToRegistry using default registry
11 silly mapToRegistry registry https://registry.npm.taobao.org/
12 silly mapToRegistry data Result {
12 silly mapToRegistry   raw: 'cnpm',
12 silly mapToRegistry   scope: null,
12 silly mapToRegistry   escapedName: 'cnpm',
12 silly mapToRegistry   name: 'cnpm',
12 silly mapToRegistry   rawSpec: '',
12 silly mapToRegistry   spec: 'latest',
12 silly mapToRegistry   type: 'tag' }
13 silly mapToRegistry uri https://registry.npm.taobao.org/cnpm
14 silly mapToRegistry name gulp
15 silly mapToRegistry using default registry
16 silly mapToRegistry registry https://registry.npm.taobao.org/
17 silly mapToRegistry data Result {
17 silly mapToRegistry   raw: 'gulp',
17 silly mapToRegistry   scope: null,
17 silly mapToRegistry   escapedName: 'gulp',
17 silly mapToRegistry   name: 'gulp',
17 silly mapToRegistry   rawSpec: '',
17 silly mapToRegistry   spec: 'latest',
17 silly mapToRegistry   type: 'tag' }
18 silly mapToRegistry uri https://registry.npm.taobao.org/gulp
19 silly mapToRegistry name gulp-jshint
20 silly mapToRegistry using default registry
21 silly mapToRegistry registry https://registry.npm.taobao.org/
22 silly mapToRegistry data Result {
22 silly mapToRegistry   raw: 'gulp-jshint',
22 silly mapToRegistry   scope: null,
22 silly mapToRegistry   escapedName: 'gulp-jshint',
22 silly mapToRegistry   name: 'gulp-jshint',
22 silly mapToRegistry   rawSpec: '',
22 silly mapToRegistry   spec: 'latest',
22 silly mapToRegistry   type: 'tag' }
23 silly mapToRegistry uri https://registry.npm.taobao.org/gulp-jshint
24 silly mapToRegistry name jshint
25 silly mapToRegistry using default registry
26 silly mapToRegistry registry https://registry.npm.taobao.org/
27 silly mapToRegistry data Result {
27 silly mapToRegistry   raw: 'jshint',
27 silly mapToRegistry   scope: null,
27 silly mapToRegistry   escapedName: 'jshint',
27 silly mapToRegistry   name: 'jshint',
27 silly mapToRegistry   rawSpec: '',
27 silly mapToRegistry   spec: 'latest',
27 silly mapToRegistry   type: 'tag' }
28 silly mapToRegistry uri https://registry.npm.taobao.org/jshint
29 silly mapToRegistry name mj_server
30 silly mapToRegistry using default registry
31 silly mapToRegistry registry https://registry.npm.taobao.org/
32 silly mapToRegistry data Result {
32 silly mapToRegistry   raw: 'mj_server',
32 silly mapToRegistry   scope: null,
32 silly mapToRegistry   escapedName: 'mj_server',
32 silly mapToRegistry   name: 'mj_server',
32 silly mapToRegistry   rawSpec: '',
32 silly mapToRegistry   spec: 'latest',
32 silly mapToRegistry   type: 'tag' }
33 silly mapToRegistry uri https://registry.npm.taobao.org/mj_server
34 silly mapToRegistry name n
35 silly mapToRegistry using default registry
36 silly mapToRegistry registry https://registry.npm.taobao.org/
37 silly mapToRegistry data Result {
37 silly mapToRegistry   raw: 'n',
37 silly mapToRegistry   scope: null,
37 silly mapToRegistry   escapedName: 'n',
37 silly mapToRegistry   name: 'n',
37 silly mapToRegistry   rawSpec: '',
37 silly mapToRegistry   spec: 'latest',
37 silly mapToRegistry   type: 'tag' }
38 silly mapToRegistry uri https://registry.npm.taobao.org/n
39 silly mapToRegistry name npm
40 silly mapToRegistry using default registry
41 silly mapToRegistry registry https://registry.npm.taobao.org/
42 silly mapToRegistry data Result {
42 silly mapToRegistry   raw: 'npm',
42 silly mapToRegistry   scope: null,
42 silly mapToRegistry   escapedName: 'npm',
42 silly mapToRegistry   name: 'npm',
42 silly mapToRegistry   rawSpec: '',
42 silly mapToRegistry   spec: 'latest',
42 silly mapToRegistry   type: 'tag' }
43 silly mapToRegistry uri https://registry.npm.taobao.org/npm
44 verbose request uri https://registry.npm.taobao.org/egret
45 verbose request no auth needed
46 info attempt registry request try #1 at 00:17:48
47 verbose request id 2c04984b0ec28b8c
48 http request GET https://registry.npm.taobao.org/egret
49 verbose request uri https://registry.npm.taobao.org/gulp
50 verbose request no auth needed
51 info attempt registry request try #1 at 00:17:48
52 http request GET https://registry.npm.taobao.org/gulp
53 verbose request uri https://registry.npm.taobao.org/gulp-jshint
54 verbose request no auth needed
55 info attempt registry request try #1 at 00:17:48
56 http request GET https://registry.npm.taobao.org/gulp-jshint
57 verbose request uri https://registry.npm.taobao.org/jshint
58 verbose request no auth needed
59 info attempt registry request try #1 at 00:17:48
60 http request GET https://registry.npm.taobao.org/jshint
61 verbose request uri https://registry.npm.taobao.org/mj_server
62 verbose request no auth needed
63 info attempt registry request try #1 at 00:17:48
64 http request GET https://registry.npm.taobao.org/mj_server
65 verbose request uri https://registry.npm.taobao.org/n
66 verbose request no auth needed
67 info attempt registry request try #1 at 00:17:48
68 http request GET https://registry.npm.taobao.org/n
69 verbose request uri https://registry.npm.taobao.org/cnpm
70 verbose request no auth needed
71 info attempt registry request try #1 at 00:17:48
72 verbose etag "2a08c-16cIBO4b0cde5cHttS8krKaHOBU"
73 http request GET https://registry.npm.taobao.org/cnpm
74 verbose request uri https://registry.npm.taobao.org/npm
75 verbose request no auth needed
76 info attempt registry request try #1 at 00:17:49
77 verbose etag "639e9c-GK/4x6uC+vQimeCkoVHVLodDTK4"
78 http request GET https://registry.npm.taobao.org/npm
79 http 200 https://registry.npm.taobao.org/egret
80 verbose headers { date: 'Fri, 09 Jun 2017 16:18:05 GMT',
80 verbose headers   'content-type': 'application/json; charset=utf-8',
80 verbose headers   'content-length': '2206',
80 verbose headers   connection: 'keep-alive',
80 verbose headers   'x-current-requests': '1',
80 verbose headers   etag: '"89e-eOkIOvqM2p3aCAN63za4/e6RgxM"',
80 verbose headers   'x-readtime': '15' }
81 silly get cb [ 200,
81 silly get   { date: 'Fri, 09 Jun 2017 16:18:05 GMT',
81 silly get     'content-type': 'application/json; charset=utf-8',
81 silly get     'content-length': '2206',
81 silly get     connection: 'keep-alive',
81 silly get     'x-current-requests': '1',
81 silly get     etag: '"89e-eOkIOvqM2p3aCAN63za4/e6RgxM"',
81 silly get     'x-readtime': '15' } ]
82 verbose get saving egret to /Users/fu/.npm/registry.npm.taobao.org/egret/.cache.json
83 verbose correctMkdir /Users/fu/.npm correctMkdir not in flight; initializing
84 http 304 https://registry.npm.taobao.org/cnpm
85 verbose headers { date: 'Fri, 09 Jun 2017 16:18:05 GMT',
85 verbose headers   connection: 'keep-alive',
85 verbose headers   'x-current-requests': '1',
85 verbose headers   etag: '"2a08c-16cIBO4b0cde5cHttS8krKaHOBU"',
85 verbose headers   'x-readtime': '31' }
86 silly get cb [ 304,
86 silly get   { date: 'Fri, 09 Jun 2017 16:18:05 GMT',
86 silly get     connection: 'keep-alive',
86 silly get     'x-current-requests': '1',
86 silly get     etag: '"2a08c-16cIBO4b0cde5cHttS8krKaHOBU"',
86 silly get     'x-readtime': '31' } ]
87 verbose etag https://registry.npm.taobao.org/cnpm from cache
88 verbose get saving cnpm to /Users/fu/.npm/registry.npm.taobao.org/cnpm/.cache.json
89 verbose correctMkdir /Users/fu/.npm correctMkdir not in flight; initializing
90 http 200 https://registry.npm.taobao.org/n
91 verbose headers { date: 'Fri, 09 Jun 2017 16:18:05 GMT',
91 verbose headers   'content-type': 'application/json; charset=utf-8',
91 verbose headers   'content-length': '88329',
91 verbose headers   connection: 'keep-alive',
91 verbose headers   'x-current-requests': '1',
91 verbose headers   etag: '"15909-9l4tJMFRDvNi3tLkYQpkIJLqJVQ"',
91 verbose headers   'x-readtime': '27' }
92 silly get cb [ 200,
92 silly get   { date: 'Fri, 09 Jun 2017 16:18:05 GMT',
92 silly get     'content-type': 'application/json; charset=utf-8',
92 silly get     'content-length': '88329',
92 silly get     connection: 'keep-alive',
92 silly get     'x-current-requests': '1',
92 silly get     etag: '"15909-9l4tJMFRDvNi3tLkYQpkIJLqJVQ"',
92 silly get     'x-readtime': '27' } ]
93 verbose get saving n to /Users/fu/.npm/registry.npm.taobao.org/n/.cache.json
94 verbose correctMkdir /Users/fu/.npm correctMkdir not in flight; initializing
95 http 200 https://registry.npm.taobao.org/gulp-jshint
96 verbose headers { date: 'Fri, 09 Jun 2017 16:18:05 GMT',
96 verbose headers   'content-type': 'application/json; charset=utf-8',
96 verbose headers   'content-length': '81731',
96 verbose headers   connection: 'keep-alive',
96 verbose headers   'x-current-requests': '1',
96 verbose headers   etag: '"13f43-ycz4cHG3iPhA3NvO7afhB/GvAWs"',
96 verbose headers   'x-readtime': '41' }
97 silly get cb [ 200,
97 silly get   { date: 'Fri, 09 Jun 2017 16:18:05 GMT',
97 silly get     'content-type': 'application/json; charset=utf-8',
97 silly get     'content-length': '81731',
97 silly get     connection: 'keep-alive',
97 silly get     'x-current-requests': '1',
97 silly get     etag: '"13f43-ycz4cHG3iPhA3NvO7afhB/GvAWs"',
97 silly get     'x-readtime': '41' } ]
98 verbose get saving gulp-jshint to /Users/fu/.npm/registry.npm.taobao.org/gulp-jshint/.cache.json
99 verbose correctMkdir /Users/fu/.npm correctMkdir not in flight; initializing
100 http 200 https://registry.npm.taobao.org/gulp
101 verbose headers { date: 'Fri, 09 Jun 2017 16:18:05 GMT',
101 verbose headers   'content-type': 'application/json; charset=utf-8',
101 verbose headers   'content-length': '136656',
101 verbose headers   connection: 'keep-alive',
101 verbose headers   'x-current-requests': '1',
101 verbose headers   etag: '"215d0-DaOjhzXItkkA3c8GRXY84uKhPtY"',
101 verbose headers   'x-readtime': '114' }
102 silly get cb [ 200,
102 silly get   { date: 'Fri, 09 Jun 2017 16:18:05 GMT',
102 silly get     'content-type': 'application/json; charset=utf-8',
102 silly get     'content-length': '136656',
102 silly get     connection: 'keep-alive',
102 silly get     'x-current-requests': '1',
102 silly get     etag: '"215d0-DaOjhzXItkkA3c8GRXY84uKhPtY"',
102 silly get     'x-readtime': '114' } ]
103 verbose get saving gulp to /Users/fu/.npm/registry.npm.taobao.org/gulp/.cache.json
104 verbose correctMkdir /Users/fu/.npm correctMkdir not in flight; initializing
105 http 200 https://registry.npm.taobao.org/jshint
106 verbose headers { date: 'Fri, 09 Jun 2017 16:18:05 GMT',
106 verbose headers   'content-type': 'application/json; charset=utf-8',
106 verbose headers   'content-length': '136517',
106 verbose headers   connection: 'keep-alive',
106 verbose headers   'x-current-requests': '1',
106 verbose headers   etag: '"21545-FsXFuZi5hDDvfxS/bC//fQNha+I"',
106 verbose headers   'x-readtime': '71' }
107 silly get cb [ 200,
107 silly get   { date: 'Fri, 09 Jun 2017 16:18:05 GMT',
107 silly get     'content-type': 'application/json; charset=utf-8',
107 silly get     'content-length': '136517',
107 silly get     connection: 'keep-alive',
107 silly get     'x-current-requests': '1',
107 silly get     etag: '"21545-FsXFuZi5hDDvfxS/bC//fQNha+I"',
107 silly get     'x-readtime': '71' } ]
108 verbose get saving jshint to /Users/fu/.npm/registry.npm.taobao.org/jshint/.cache.json
109 verbose correctMkdir /Users/fu/.npm correctMkdir not in flight; initializing
110 http 304 https://registry.npm.taobao.org/npm
111 verbose headers { date: 'Fri, 09 Jun 2017 16:18:06 GMT',
111 verbose headers   connection: 'keep-alive',
111 verbose headers   'x-current-requests': '1',
111 verbose headers   etag: '"639e9c-GK/4x6uC+vQimeCkoVHVLodDTK4"',
111 verbose headers   'x-readtime': '636' }
112 silly get cb [ 304,
112 silly get   { date: 'Fri, 09 Jun 2017 16:18:06 GMT',
112 silly get     connection: 'keep-alive',
112 silly get     'x-current-requests': '1',
112 silly get     etag: '"639e9c-GK/4x6uC+vQimeCkoVHVLodDTK4"',
112 silly get     'x-readtime': '636' } ]
113 verbose etag https://registry.npm.taobao.org/npm from cache
114 verbose get saving npm to /Users/fu/.npm/registry.npm.taobao.org/npm/.cache.json
115 verbose correctMkdir /Users/fu/.npm correctMkdir not in flight; initializing
116 http 404 https://registry.npm.taobao.org/mj_server
117 verbose headers { 'content-type': 'application/json',
117 verbose headers   'cache-control': 'max-age=0',
117 verbose headers   'content-length': '2',
117 verbose headers   'accept-ranges': 'bytes',
117 verbose headers   date: 'Fri, 09 Jun 2017 16:18:30 GMT',
117 verbose headers   via: '1.1 varnish',
117 verbose headers   age: '0',
117 verbose headers   connection: 'keep-alive',
117 verbose headers   'x-served-by': 'cache-nrt6129-NRT',
117 verbose headers   'x-cache': 'MISS',
117 verbose headers   'x-cache-hits': '0',
117 verbose headers   'x-timer': 'S1497025109.377276,VS0,VE961',
117 verbose headers   vary: 'Accept-Encoding' }
118 silly get cb [ 404,
118 silly get   { 'content-type': 'application/json',
118 silly get     'cache-control': 'max-age=0',
118 silly get     'content-length': '2',
118 silly get     'accept-ranges': 'bytes',
118 silly get     date: 'Fri, 09 Jun 2017 16:18:30 GMT',
118 silly get     via: '1.1 varnish',
118 silly get     age: '0',
118 silly get     connection: 'keep-alive',
118 silly get     'x-served-by': 'cache-nrt6129-NRT',
118 silly get     'x-cache': 'MISS',
118 silly get     'x-cache-hits': '0',
118 silly get     'x-timer': 'S1497025109.377276,VS0,VE961',
118 silly get     vary: 'Accept-Encoding' } ]
119 verbose stack Error: Registry returned 404 for GET on https://registry.npm.taobao.org/mj_server
119 verbose stack     at makeError (/usr/local/lib/node_modules/cnpm/node_modules/npm/node_modules/npm-registry-client/lib/request.js:302:12)
119 verbose stack     at CachingRegistryClient.<anonymous> (/usr/local/lib/node_modules/cnpm/node_modules/npm/node_modules/npm-registry-client/lib/request.js:280:14)
119 verbose stack     at Request._callback (/usr/local/lib/node_modules/cnpm/node_modules/npm/node_modules/npm-registry-client/lib/request.js:210:14)
119 verbose stack     at Request.self.callback (/usr/local/lib/node_modules/cnpm/node_modules/npm/node_modules/request/request.js:187:22)
119 verbose stack     at emitTwo (events.js:125:13)
119 verbose stack     at Request.emit (events.js:213:7)
119 verbose stack     at Request.<anonymous> (/usr/local/lib/node_modules/cnpm/node_modules/npm/node_modules/request/request.js:1048:10)
119 verbose stack     at emitOne (events.js:115:13)
119 verbose stack     at Request.emit (events.js:210:7)
119 verbose stack     at IncomingMessage.<anonymous> (/usr/local/lib/node_modules/cnpm/node_modules/npm/node_modules/request/request.js:969:12)
120 verbose statusCode 404
121 verbose pkgid mj_server
122 verbose cwd /Users/fu/website/mj_server
123 error Darwin 14.5.0
124 error argv "/usr/local/bin/node" "/usr/local/lib/node_modules/cnpm/node_modules/.bin/npm" "--userconfig=/Users/fu/.cnpmrc" "--disturl=https://npm.taobao.org/mirrors/node" "--registry=https://registry.npm.taobao.org" "update" "-g"
125 error node v8.0.0
126 error npm  v3.10.10
127 error code E404
128 error 404 Registry returned 404 for GET on https://registry.npm.taobao.org/mj_server
129 error 404
130 error 404 'mj_server' is not in the npm registry.
131 error 404 You should bug the author to publish it (or use the name yourself!)
132 error 404 Note that you can also install from a
133 error 404 tarball, folder, http url, or git url.
134 verbose exit [ 1, true ]
